<?xml version="1.0" encoding="UTF-8"?>
<!-- Generated by org.testng.reporters.JUnitReportReporter -->
<testsuite skipped="0" hostname="Ravi.local" name="com.dataprovider.test.GetData" tests="3" failures="0" timestamp="2020-07-07T09:29:25 IST" time="0.023" errors="0">
  <testcase name="fillForm" time="0.016" classname="com.dataprovider.test.GetData"/>
  <testcase name="fillForm" time="0.004" classname="com.dataprovider.test.GetData"/>
  <testcase name="fillForm" time="0.003" classname="com.dataprovider.test.GetData"/>
</testsuite> <!-- com.dataprovider.test.GetData -->
