<?xml version="1.0" encoding="UTF-8"?>
<!-- Generated by org.testng.reporters.JUnitReportReporter -->
<testsuite skipped="0" hostname="Ravi.local" name="com.dataprovider.test.DataproviderExample" tests="6" failures="0" timestamp="2020-07-07T00:14:28 IST" time="0.036" errors="0">
  <testcase name="setData1" time="0.008" classname="com.dataprovider.test.DataproviderExample"/>
  <testcase name="setData" time="0.011" classname="com.dataprovider.test.DataproviderExample"/>
  <testcase name="setData1" time="0.004" classname="com.dataprovider.test.DataproviderExample"/>
  <testcase name="setData1" time="0.002" classname="com.dataprovider.test.DataproviderExample"/>
  <testcase name="setData" time="0.007" classname="com.dataprovider.test.DataproviderExample"/>
  <testcase name="setData" time="0.004" classname="com.dataprovider.test.DataproviderExample"/>
</testsuite> <!-- com.dataprovider.test.DataproviderExample -->
