<?xml version="1.0" encoding="UTF-8"?>
<!-- Generated by org.testng.reporters.JUnitReportReporter -->
<testsuite skipped="0" hostname="Ravi.local" name="TDD.phoneNumberValidatorTest" tests="3" failures="0" timestamp="2020-06-05T22:09:53 IST" time="0.029" errors="0">
  <testcase name="validatePhoneNumberIncoorect" time="0.002" classname="TDD.phoneNumberValidatorTest"/>
  <testcase name="validatePhoneNumber" time="0.022" classname="TDD.phoneNumberValidatorTest"/>
  <testcase name="validatePhoneNumberIncoorectLength" time="0.005" classname="TDD.phoneNumberValidatorTest"/>
</testsuite> <!-- TDD.phoneNumberValidatorTest -->
