<?xml version="1.0" encoding="UTF-8"?>
<!-- Generated by org.testng.reporters.JUnitReportReporter -->
<testsuite skipped="0" hostname="LAPTOP-7FEBO63T" name="com.dataprovider.DataproviderExample" tests="6" failures="0" timestamp="31 Aug 2020 02:29:36 GMT" time="0.067" errors="0">
  <testcase name="setData1" time="0.012" classname="com.dataprovider.DataproviderExample"/>
  <testcase name="setData1" time="0.000" classname="com.dataprovider.DataproviderExample"/>
  <testcase name="setData" time="0.028" classname="com.dataprovider.DataproviderExample"/>
  <testcase name="setData" time="0.008" classname="com.dataprovider.DataproviderExample"/>
  <testcase name="setData" time="0.004" classname="com.dataprovider.DataproviderExample"/>
  <testcase name="setData1" time="0.015" classname="com.dataprovider.DataproviderExample"/>
</testsuite> <!-- com.dataprovider.DataproviderExample -->
