<?xml version="1.0" encoding="UTF-8"?>
<!-- Generated by org.testng.reporters.JUnitReportReporter -->
<testsuite skipped="0" hostname="Ravi.local" name="com.pgrm.practice.RunTimePoly" tests="1" failures="0" timestamp="2020-07-11T13:21:20 IST" time="0.017" errors="0">
  <testcase name="test" time="0.017" classname="com.pgrm.practice.RunTimePoly"/>
</testsuite> <!-- com.pgrm.practice.RunTimePoly -->
